<?xml version="1.0" encoding="UTF-8"?>
<!-- Generated by org.testng.reporters.JUnitReportReporter -->
<testsuite hostname="Allan-Personal" failures="0" tests="1" name="ui.HomePageTest" time="5.398" errors="0" timestamp="2025-08-29T18:42:06 BRT" skipped="0">
  <testcase classname="ui.HomePageTest" name="validarTituloDaPagina" time="5.398"/>
</testsuite> <!-- ui.HomePageTest -->
